Determining if the pthread_create exist failed with the following output:
Change Dir: /home/rick/rpi/projects/indi-code/3rdparty/indi-gphoto/CMakeFiles/CMakeTmp

Run Build Command:/usr/bin/make "cmTryCompileExec3729990610/fast"
/usr/bin/make -f CMakeFiles/cmTryCompileExec3729990610.dir/build.make CMakeFiles/cmTryCompileExec3729990610.dir/build
make[1]: Entering directory `/home/rick/rpi/projects/indi-code/3rdparty/indi-gphoto/CMakeFiles/CMakeTmp'
/usr/bin/cmake -E cmake_progress_report /home/rick/rpi/projects/indi-code/3rdparty/indi-gphoto/CMakeFiles/CMakeTmp/CMakeFiles 1
Building C object CMakeFiles/cmTryCompileExec3729990610.dir/CheckSymbolExists.c.o
/usr/bin/gcc   -Wall     -o CMakeFiles/cmTryCompileExec3729990610.dir/CheckSymbolExists.c.o   -c /home/rick/rpi/projects/indi-code/3rdparty/indi-gphoto/CMakeFiles/CMakeTmp/CheckSymbolExists.c
Linking C executable cmTryCompileExec3729990610
/usr/bin/cmake -E cmake_link_script CMakeFiles/cmTryCompileExec3729990610.dir/link.txt --verbose=1
/usr/bin/gcc   -Wall      CMakeFiles/cmTryCompileExec3729990610.dir/CheckSymbolExists.c.o  -o cmTryCompileExec3729990610 -rdynamic 
CMakeFiles/cmTryCompileExec3729990610.dir/CheckSymbolExists.c.o: In function `main':
CheckSymbolExists.c:(.text+0x16): undefined reference to `pthread_create'
collect2: error: ld returned 1 exit status
make[1]: *** [cmTryCompileExec3729990610] Error 1
make[1]: Leaving directory `/home/rick/rpi/projects/indi-code/3rdparty/indi-gphoto/CMakeFiles/CMakeTmp'
make: *** [cmTryCompileExec3729990610/fast] Error 2

File /home/rick/rpi/projects/indi-code/3rdparty/indi-gphoto/CMakeFiles/CMakeTmp/CheckSymbolExists.c:
/* */
#include <pthread.h>

int main(int argc, char** argv)
{
  (void)argv;
#ifndef pthread_create
  return ((int*)(&pthread_create))[argc];
#else
  (void)argc;
  return 0;
#endif
}

Determining if the function pthread_create exists in the pthreads failed with the following output:
Change Dir: /home/rick/rpi/projects/indi-code/3rdparty/indi-gphoto/CMakeFiles/CMakeTmp

Run Build Command:/usr/bin/make "cmTryCompileExec2144808561/fast"
/usr/bin/make -f CMakeFiles/cmTryCompileExec2144808561.dir/build.make CMakeFiles/cmTryCompileExec2144808561.dir/build
make[1]: Entering directory `/home/rick/rpi/projects/indi-code/3rdparty/indi-gphoto/CMakeFiles/CMakeTmp'
/usr/bin/cmake -E cmake_progress_report /home/rick/rpi/projects/indi-code/3rdparty/indi-gphoto/CMakeFiles/CMakeTmp/CMakeFiles 1
Building C object CMakeFiles/cmTryCompileExec2144808561.dir/CheckFunctionExists.c.o
/usr/bin/gcc   -Wall  -DCHECK_FUNCTION_EXISTS=pthread_create   -o CMakeFiles/cmTryCompileExec2144808561.dir/CheckFunctionExists.c.o   -c /usr/share/cmake-2.8/Modules/CheckFunctionExists.c
Linking C executable cmTryCompileExec2144808561
/usr/bin/cmake -E cmake_link_script CMakeFiles/cmTryCompileExec2144808561.dir/link.txt --verbose=1
/usr/bin/gcc   -Wall  -DCHECK_FUNCTION_EXISTS=pthread_create    CMakeFiles/cmTryCompileExec2144808561.dir/CheckFunctionExists.c.o  -o cmTryCompileExec2144808561 -rdynamic -lpthreads 
/usr/bin/ld: cannot find -lpthreads
collect2: error: ld returned 1 exit status
make[1]: *** [cmTryCompileExec2144808561] Error 1
make[1]: Leaving directory `/home/rick/rpi/projects/indi-code/3rdparty/indi-gphoto/CMakeFiles/CMakeTmp'
make: *** [cmTryCompileExec2144808561/fast] Error 2


Determining if the pthread_create exist failed with the following output:
Change Dir: /home/rick/rpi/projects/indi_raspicam_ccd/CMakeFiles/CMakeTmp

Run Build Command:/usr/bin/make "cmTryCompileExec2804927836/fast"
/usr/bin/make -f CMakeFiles/cmTryCompileExec2804927836.dir/build.make CMakeFiles/cmTryCompileExec2804927836.dir/build
make[1]: Entering directory `/home/rick/rpi/projects/indi_raspicam_ccd/CMakeFiles/CMakeTmp'
/usr/bin/cmake -E cmake_progress_report /home/rick/rpi/projects/indi_raspicam_ccd/CMakeFiles/CMakeTmp/CMakeFiles 1
Building C object CMakeFiles/cmTryCompileExec2804927836.dir/CheckSymbolExists.c.o
/usr/bin/gcc   -Wall     -o CMakeFiles/cmTryCompileExec2804927836.dir/CheckSymbolExists.c.o   -c /home/rick/rpi/projects/indi_raspicam_ccd/CMakeFiles/CMakeTmp/CheckSymbolExists.c
Linking C executable cmTryCompileExec2804927836
/usr/bin/cmake -E cmake_link_script CMakeFiles/cmTryCompileExec2804927836.dir/link.txt --verbose=1
/usr/bin/gcc   -Wall      CMakeFiles/cmTryCompileExec2804927836.dir/CheckSymbolExists.c.o  -o cmTryCompileExec2804927836 -rdynamic 
CMakeFiles/cmTryCompileExec2804927836.dir/CheckSymbolExists.c.o: In function `main':
CheckSymbolExists.c:(.text+0x16): undefined reference to `pthread_create'
collect2: error: ld returned 1 exit status
make[1]: *** [cmTryCompileExec2804927836] Error 1
make[1]: Leaving directory `/home/rick/rpi/projects/indi_raspicam_ccd/CMakeFiles/CMakeTmp'
make: *** [cmTryCompileExec2804927836/fast] Error 2

File /home/rick/rpi/projects/indi_raspicam_ccd/CMakeFiles/CMakeTmp/CheckSymbolExists.c:
/* */
#include <pthread.h>

int main(int argc, char** argv)
{
  (void)argv;
#ifndef pthread_create
  return ((int*)(&pthread_create))[argc];
#else
  (void)argc;
  return 0;
#endif
}

Determining if the function pthread_create exists in the pthreads failed with the following output:
Change Dir: /home/rick/rpi/projects/indi_raspicam_ccd/CMakeFiles/CMakeTmp

Run Build Command:/usr/bin/make "cmTryCompileExec3884503924/fast"
/usr/bin/make -f CMakeFiles/cmTryCompileExec3884503924.dir/build.make CMakeFiles/cmTryCompileExec3884503924.dir/build
make[1]: Entering directory `/home/rick/rpi/projects/indi_raspicam_ccd/CMakeFiles/CMakeTmp'
/usr/bin/cmake -E cmake_progress_report /home/rick/rpi/projects/indi_raspicam_ccd/CMakeFiles/CMakeTmp/CMakeFiles 1
Building C object CMakeFiles/cmTryCompileExec3884503924.dir/CheckFunctionExists.c.o
/usr/bin/gcc   -Wall  -DCHECK_FUNCTION_EXISTS=pthread_create   -o CMakeFiles/cmTryCompileExec3884503924.dir/CheckFunctionExists.c.o   -c /usr/share/cmake-2.8/Modules/CheckFunctionExists.c
Linking C executable cmTryCompileExec3884503924
/usr/bin/cmake -E cmake_link_script CMakeFiles/cmTryCompileExec3884503924.dir/link.txt --verbose=1
/usr/bin/gcc   -Wall  -DCHECK_FUNCTION_EXISTS=pthread_create    CMakeFiles/cmTryCompileExec3884503924.dir/CheckFunctionExists.c.o  -o cmTryCompileExec3884503924 -rdynamic -lpthreads 
/usr/bin/ld: cannot find -lpthreads
collect2: error: ld returned 1 exit status
make[1]: *** [cmTryCompileExec3884503924] Error 1
make[1]: Leaving directory `/home/rick/rpi/projects/indi_raspicam_ccd/CMakeFiles/CMakeTmp'
make: *** [cmTryCompileExec3884503924/fast] Error 2


